DB2 Universal Database Version 11.5, 5622-044 (c) Copyright IBM Corp. 1991, 2019
Licensed Material - Program Property of IBM
IBM DATABASE 2 Explain Table Format Tool



******************** EXPLAIN INSTANCE ********************

DB2_VERSION:       11.05.8
FORMATTED ON DB:   TPCDS
SOURCE_NAME:       SYSSH200
SOURCE_SCHEMA:     NULLID  
SOURCE_VERSION:      
EXPLAIN_TIME:      2025-02-24-19.54.16.324073
EXPLAIN_REQUESTER: DB2INST1

Database Context:
----------------
	Parallelism:          None
	CPU Speed:            1.771291e-07
	Comm Speed:           100
	Buffer Pool size:     216564
	Sort Heap size:       71903
	Database Heap size:   6485
	Lock List size:       382440
	Maximum Lock List:    98
	Average Applications: 1
	Locks Available:      11993318

Package Context:
---------------
	SQL Type:           Dynamic
	Optimization Level: 7
	Blocking:           Block All Cursors
	Isolation Level:    Cursor Stability



---------------- STATEMENT 1  SECTION 4 ----------------
	QUERYNO:       1
	QUERYTAG:                          
	Statement Type:   Select
	Updatable:        No
	Deletable:        No
	Query Degree:     1

Original Statement:
------------------
SELECT 
  SS_WHOLESALE_COST,
  SR_NET_LOSS 
FROM 
  STORE_SALES 
  INNER JOIN STORE_RETURNS 
  ON SR_TICKET_NUMBER = SS_TICKET_NUMBER AND 
  SR_ITEM_SK = SS_ITEM_SK 
WHERE 
  SS_STORE_SK = 2 AND 
  SR_RETURNED_DATE_SK = 2451680


Optimized Statement:
-------------------
SELECT 
  Q1.SS_WHOLESALE_COST AS "SS_WHOLESALE_COST",
  Q2.SR_NET_LOSS AS "SR_NET_LOSS" 
FROM 
  DB2INST1.STORE_SALES AS Q1,
  DB2INST1.STORE_RETURNS AS Q2 
WHERE 
  (Q2.SR_TICKET_NUMBER = Q1.SS_TICKET_NUMBER) AND 
  (Q2.SR_ITEM_SK = Q1.SS_ITEM_SK) AND 
  (Q2.SR_RETURNED_DATE_SK = 2451680) AND 
  (Q1.SS_STORE_SK = 2)

Explain level:    Explain from section

Access Plan:
-----------
	Total Cost: 		145630
	Query Degree:		1


                  Rows 
               Rows Actual
                 RETURN
                 (   1)
                  Cost 
                   I/O 
                   |
                 62.2077 
                   160 
                 CTQ   
                 (   2)
                 145630 
                   NA 
                   |
                 62.2077 
                   NA 
                 ^HSJOIN
                 (   3)
                 145630 
                   NA 
           /-------+-------\
     1.31721e+06           13601.2 
         NA                  NA 
       TBSCAN              TBSCAN
       (   4)              (   5)
       132155              13465.1 
         NA                  NA 
         |                   |
     2.87997e+08         2.87951e+07 
         NA                  NA 
 CO-TABLE: DB2INST1  CO-TABLE: DB2INST1
     STORE_SALES        STORE_RETURNS
         Q1                  Q2


Operator Symbols :
------------------

   Symbol      Description
   ---------   ------------------------------------------
   >JOIN     : Left outer join
    JOIN<    : Right outer join
   >JOIN<    : Full outer join
   xJOIN     : Left antijoin
    JOINx    : Right antijoin
   ^JOIN     : Left early out
    JOIN^    : Right early out
    ATQ      : Asynchrony
    BTQ      : Broadcast
    CTQ      : Column-organized data
    DTQ      : Directed
    LTQ      : Intra-partition parallelism
    MTQ      : Merging (sorted)
    STQ      : Scatter
   RCTQ      : Column-organized data with row as the source
    XTQ      : XML aggregation
     TQ*     : Listener


Extended Diagnostic Information:
--------------------------------

No extended Diagnostic Information for this statement.


Plan Details:
-------------


	1) RETURN: (Return Result)
		Cumulative Total Cost: 		145630
		Cumulative First Row Cost: 	145630
		Estimated Bufferpool Buffers: 	94793

		Arguments:
		---------
		BLDLEVEL: (Build level)
			DB2 v11.5.8.0 : s2209201700
		ENVVAR  : (Environment Variable)
			DB2_ANTIJOIN=EXTEND
		EXECUTID: (Executable ID)
			0100000000000000230A00000000000000000000020020250224195408219146
		HEAPUSE : (Maximum Statement Heap Usage)
			128 Pages
		PLANID  : (Access plan identifier)
			e6f4dee9bb364062
		SEMEVID : (Semantic environment identifier)
			431f78d03d9bb07e
		STMTHEAP: (Statement heap size)
			16384
		STMTID  : (Normalized statement identifier)
			821adf0000ae052a
		TENANTID: (Compiled In Tenant ID)
			0
		TENANTNM: (Compiled In Tenant Name)
			SYSTEM

		Input Streams:
		-------------
			6) From Operator #2

				Estimated number of rows: 	62.2077
				Actual number of rows: 		160


	2) TQ    : (Table Queue)
		Cumulative Total Cost: 		145630
		Cumulative First Row Cost: 	145630
		Estimated Bufferpool Buffers: 	94793

		Arguments:
		---------
		LISTENER: (Listener Table Queue type)
			FALSE
		TQDEGREE: (Degree of Intra-Partition parallelism)
			1
		TQMERGE : (Merging Table Queue flag)
			FALSE
		TQORIGIN: (Table Queue Origin type)
			COLUMN-ORGANIZED DATA
		TQREAD  : (Table Queue Read type)
			READ AHEAD
		UNIQUE  : (Uniqueness required flag)
			FALSE

		Input Streams:
		-------------
			5) From Operator #3

				Estimated number of rows: 	62.2077
				Actual number of rows: 		NA


		Output Streams:
		--------------
			6) To Operator #1

				Estimated number of rows: 	62.2077
				Actual number of rows: 		160


	3) HSJOIN: (Hash Join)
		Cumulative Total Cost: 		145630
		Cumulative First Row Cost: 	145630
		Estimated Bufferpool Buffers: 	94793

		Arguments:
		---------
		EARLYOUT: (Early Out flag)
			LEFT
		SEMIJOIN: (Semi-join flag)
			FALSE

		Predicates:
		----------
		2) Predicate used in Join, 
			Comparison Operator: 		Equal (=)
			Subquery Input Required: 	No
			Filter Factor: 			4.16907e-08

			Predicate Text:
			--------------
			(Q2.SR_TICKET_NUMBER = Q1.SS_TICKET_NUMBER)


		3) Predicate used in Join, 
			Comparison Operator: 		Equal (=)
			Subquery Input Required: 	No
			Filter Factor: 			4.90735e-06

			Predicate Text:
			--------------
			(Q2.SR_ITEM_SK = Q1.SS_ITEM_SK)



		Input Streams:
		-------------
			2) From Operator #4

				Estimated number of rows: 	1.31721e+06
				Actual number of rows: 		NA

			4) From Operator #5

				Estimated number of rows: 	13601.2
				Actual number of rows: 		NA


		Output Streams:
		--------------
			5) To Operator #2

				Estimated number of rows: 	62.2077
				Actual number of rows: 		NA


	4) TBSCAN: (Table Scan)
		Cumulative Total Cost: 		132155
		Cumulative First Row Cost: 	7.14673
		Estimated Bufferpool Buffers: 	94793

		Arguments:
		---------
		JN INPUT: (Join input leg)
			OUTER
		PREFETCH: (Type of Prefetch)
			DYNAMIC LIST        
		ROWLOCK : (Row Lock intent)
			SHARE (CS/RS)
		TABLOCK : (Table Lock intent)
			INTENT SHARE
		TBISOLVL: (Table access Isolation Level)
			CURSOR STABILITY

		Predicates:
		----------
		5) Sargable Predicate, 
			Comparison Operator: 		Equal (=)
			Subquery Input Required: 	No
			Filter Factor: 			0.00457371

			Predicate Text:
			--------------
			(Q1.SS_STORE_SK = 2)



		Input Streams:
		-------------
			1) From Object DB2INST1.STORE_SALES

				Estimated number of rows: 	2.87997e+08

				Column Names:
				------------
				+Q1.$RID$+Q1.SS_WHOLESALE_COST+Q1.SS_STORE_SK
				+Q1.SS_ITEM_SK+Q1.SS_TICKET_NUMBER


		Output Streams:
		--------------
			2) To Operator #3

				Estimated number of rows: 	1.31721e+06
				Actual number of rows: 		NA


	5) TBSCAN: (Table Scan)
		Cumulative Total Cost: 		13465.1
		Cumulative First Row Cost: 	8.03588
		Estimated Bufferpool Buffers: 	9693

		Arguments:
		---------
		JN INPUT: (Join input leg)
			INNER
		PREFETCH: (Type of Prefetch)
			DYNAMIC LIST        
		ROWLOCK : (Row Lock intent)
			SHARE (CS/RS)
		TABLOCK : (Table Lock intent)
			INTENT SHARE
		TBISOLVL: (Table access Isolation Level)
			CURSOR STABILITY

		Predicates:
		----------
		4) Sargable Predicate, 
			Comparison Operator: 		Equal (=)
			Subquery Input Required: 	No
			Filter Factor: 			0.000472343

			Predicate Text:
			--------------
			(Q2.SR_RETURNED_DATE_SK = 2451680)



		Input Streams:
		-------------
			3) From Object DB2INST1.STORE_RETURNS

				Estimated number of rows: 	2.87951e+07

				Column Names:
				------------
				+Q2.$RID$+Q2.SR_NET_LOSS
				+Q2.SR_RETURNED_DATE_SK+Q2.SR_ITEM_SK
				+Q2.SR_TICKET_NUMBER


		Output Streams:
		--------------
			4) To Operator #3

				Estimated number of rows: 	13601.2
				Actual number of rows: 		NA


Objects Used in Access Plan:
---------------------------

	Schema:   DB2INST1
	Name:     STORE_RETURNS
	Type:     Column-organized Table
			Last statistics update: 	2021-05-20-10.06.09.850837
			Number of rows: 		28795080
			Number of buffer pool pages: 	37386
			Distinct row values: 		No
			Tablespace name: 		TS_LARGE
			Tablespace overhead: 		6.725000
			Tablespace transfer rate: 	0.320000
			Prefetch page count: 		32
			Container extent page count: 	32
			Table overflow record count: 	0
			Table Active Blocks: 		-1
			Average Row Compression Ratio: 	-1
			Percentage Rows Compressed: 	-1
			Average Compressed Row Size: 	-1

	Schema:   DB2INST1
	Name:     STORE_SALES
	Type:     Column-organized Table
			Last statistics update: 	2021-05-20-11.33.56.119461
			Number of rows: 		287997024
			Number of buffer pool pages: 	416411
			Distinct row values: 		No
			Tablespace name: 		TS_LARGE
			Tablespace overhead: 		6.725000
			Tablespace transfer rate: 	0.320000
			Prefetch page count: 		32
			Container extent page count: 	32
			Table overflow record count: 	0
			Table Active Blocks: 		-1
			Average Row Compression Ratio: 	-1
			Percentage Rows Compressed: 	-1
			Average Compressed Row Size: 	-1

Runtime statistics for objects Used in Access Plan:
-----------------------------------------------------

	Schema: DB2INST1
	Name: 	STORE_RETURNS
	Type: 	Table

			Member 0
			---------

				Metrics
				--------------------
				rows_reads:28795080
				object_col_l_reads:11658
				object_col_lbp_pages_found:11658
				object_col_gbp_indep_pages_found_in_lbp:11658
				object_col_caching_tier_gbp_indep_pages_found:11658

	Schema: DB2INST1
	Name: 	STORE_SALES
	Type: 	Table

			Member 0
			---------

				Metrics
				--------------------
				rows_reads:244408681
				object_col_l_reads:98308
				object_col_p_reads:1654
				object_col_lbp_pages_found:96654
				object_col_gbp_indep_pages_found_in_lbp:96654
				object_col_caching_tier_gbp_indep_pages_found:96654

