DB2 Universal Database Version 11.5, 5622-044 (c) Copyright IBM Corp. 1991, 2019
Licensed Material - Program Property of IBM
IBM DATABASE 2 Explain Table Format Tool



******************** EXPLAIN INSTANCE ********************

DB2_VERSION:       11.05.8
FORMATTED ON DB:   TPCDS
SOURCE_NAME:       SYSSH200
SOURCE_SCHEMA:     NULLID  
SOURCE_VERSION:      
EXPLAIN_TIME:      2025-02-24-19.54.49.677516
EXPLAIN_REQUESTER: DB2INST1

Database Context:
----------------
	Parallelism:          None
	CPU Speed:            1.771291e-07
	Comm Speed:           100
	Buffer Pool size:     216564
	Sort Heap size:       71903
	Database Heap size:   6485
	Lock List size:       382440
	Maximum Lock List:    98
	Average Applications: 1
	Locks Available:      11993318

Package Context:
---------------
	SQL Type:           Dynamic
	Optimization Level: 7
	Blocking:           Block All Cursors
	Isolation Level:    Cursor Stability



---------------- STATEMENT 1  SECTION 4 ----------------
	QUERYNO:       1
	QUERYTAG:                          
	Statement Type:   Select
	Updatable:        No
	Deletable:        No
	Query Degree:     1

Original Statement:
------------------
SELECT 
  SS_EXT_LIST_PRICE,
  SR_STORE_CREDIT 
FROM 
  STORE_SALES 
  INNER JOIN STORE_RETURNS 
  ON SR_CUSTOMER_SK = SS_CUSTOMER_SK AND 
  SR_ITEM_SK = SS_ITEM_SK 
WHERE 
  SS_ADDR_SK >= 8970 AND 
  SR_CUSTOMER_SK <= 93014


Optimized Statement:
-------------------
SELECT 
  Q1.SS_EXT_LIST_PRICE AS "SS_EXT_LIST_PRICE",
  Q2.SR_STORE_CREDIT AS "SR_STORE_CREDIT" 
FROM 
  DB2INST1.STORE_SALES AS Q1,
  DB2INST1.STORE_RETURNS AS Q2 
WHERE 
  (Q2.SR_CUSTOMER_SK = Q1.SS_CUSTOMER_SK) AND 
  (Q2.SR_ITEM_SK = Q1.SS_ITEM_SK) AND 
  (Q2.SR_CUSTOMER_SK <= 93014) AND 
  (8970 <= Q1.SS_ADDR_SK)

Explain level:    Explain from section

Access Plan:
-----------
	Total Cost: 		166167
	Query Degree:		1


                  Rows 
               Rows Actual
                 RETURN
                 (   1)
                  Cost 
                   I/O 
                   |
                 906.577 
                 757675 
                 CTQ   
                 (   2)
                 166167 
                   NA 
                   |
                 906.577 
                   NA 
                 HSJOIN
                 (   3)
                 166167 
                   NA 
           /-------+-------\
     1.43017e+07         1.35356e+06 
         NA                  NA 
       TBSCAN              TBSCAN
       (   4)              (   5)
       154176              11858.2 
         NA                  NA 
         |                   |
     2.87997e+08         2.87951e+07 
         NA                  NA 
 CO-TABLE: DB2INST1  CO-TABLE: DB2INST1
     STORE_SALES        STORE_RETURNS
         Q1                  Q2


Operator Symbols :
------------------

   Symbol      Description
   ---------   ------------------------------------------
    ATQ      : Asynchrony
    BTQ      : Broadcast
    CTQ      : Column-organized data
    DTQ      : Directed
    LTQ      : Intra-partition parallelism
    MTQ      : Merging (sorted)
    STQ      : Scatter
   RCTQ      : Column-organized data with row as the source
    XTQ      : XML aggregation
     TQ*     : Listener


Extended Diagnostic Information:
--------------------------------

No extended Diagnostic Information for this statement.


Plan Details:
-------------


	1) RETURN: (Return Result)
		Cumulative Total Cost: 		166167
		Cumulative First Row Cost: 	166167
		Estimated Bufferpool Buffers: 	98179

		Arguments:
		---------
		BLDLEVEL: (Build level)
			DB2 v11.5.8.0 : s2209201700
		ENVVAR  : (Environment Variable)
			DB2_ANTIJOIN=EXTEND
		EXECUTID: (Executable ID)
			01000000000000007A0A00000000000000000000020020250224195436881231
		HEAPUSE : (Maximum Statement Heap Usage)
			128 Pages
		PLANID  : (Access plan identifier)
			467dc6629026b364
		SEMEVID : (Semantic environment identifier)
			431f78d03d9bb07e
		STMTHEAP: (Statement heap size)
			16384
		STMTID  : (Normalized statement identifier)
			7717065d9da48afc
		TENANTID: (Compiled In Tenant ID)
			0
		TENANTNM: (Compiled In Tenant Name)
			SYSTEM

		Input Streams:
		-------------
			6) From Operator #2

				Estimated number of rows: 	906.577
				Actual number of rows: 		757675


	2) TQ    : (Table Queue)
		Cumulative Total Cost: 		166167
		Cumulative First Row Cost: 	166167
		Estimated Bufferpool Buffers: 	98179

		Arguments:
		---------
		LISTENER: (Listener Table Queue type)
			FALSE
		TQDEGREE: (Degree of Intra-Partition parallelism)
			1
		TQMERGE : (Merging Table Queue flag)
			FALSE
		TQORIGIN: (Table Queue Origin type)
			COLUMN-ORGANIZED DATA
		TQREAD  : (Table Queue Read type)
			READ AHEAD
		UNIQUE  : (Uniqueness required flag)
			FALSE

		Input Streams:
		-------------
			5) From Operator #3

				Estimated number of rows: 	906.577
				Actual number of rows: 		NA


		Output Streams:
		--------------
			6) To Operator #1

				Estimated number of rows: 	906.577
				Actual number of rows: 		757675


	3) HSJOIN: (Hash Join)
		Cumulative Total Cost: 		166167
		Cumulative First Row Cost: 	166167
		Estimated Bufferpool Buffers: 	98179

		Arguments:
		---------
		EARLYOUT: (Early Out flag)
			NONE
		SEMIJOIN: (Semi-join flag)
			FALSE

		Predicates:
		----------
		3) Predicate used in Join, 
			Comparison Operator: 		Equal (=)
			Subquery Input Required: 	No
			Filter Factor: 			9.54317e-06

			Predicate Text:
			--------------
			(Q2.SR_CUSTOMER_SK = Q1.SS_CUSTOMER_SK)


		4) Predicate used in Join, 
			Comparison Operator: 		Equal (=)
			Subquery Input Required: 	No
			Filter Factor: 			4.90735e-06

			Predicate Text:
			--------------
			(Q2.SR_ITEM_SK = Q1.SS_ITEM_SK)



		Input Streams:
		-------------
			2) From Operator #4

				Estimated number of rows: 	1.43017e+07
				Actual number of rows: 		NA

			4) From Operator #5

				Estimated number of rows: 	1.35356e+06
				Actual number of rows: 		NA


		Output Streams:
		--------------
			5) To Operator #2

				Estimated number of rows: 	906.577
				Actual number of rows: 		NA


	4) TBSCAN: (Table Scan)
		Cumulative Total Cost: 		154176
		Cumulative First Row Cost: 	7.05718
		Estimated Bufferpool Buffers: 	98179

		Arguments:
		---------
		JN INPUT: (Join input leg)
			OUTER
		PREFETCH: (Type of Prefetch)
			DYNAMIC LIST        
		ROWLOCK : (Row Lock intent)
			SHARE (CS/RS)
		TABLOCK : (Table Lock intent)
			INTENT SHARE
		TBISOLVL: (Table access Isolation Level)
			CURSOR STABILITY

		Predicates:
		----------
		2) Sargable Predicate, 
			Comparison Operator: 		Less Than or Equal (<=)
			Subquery Input Required: 	No
			Filter Factor: 			0.0524237

			Predicate Text:
			--------------
			(Q1.SS_CUSTOMER_SK <= 93014)


		6) Sargable Predicate, 
			Comparison Operator: 		Less Than or Equal (<=)
			Subquery Input Required: 	No
			Filter Factor: 			0.947267

			Predicate Text:
			--------------
			(8970 <= Q1.SS_ADDR_SK)



		Input Streams:
		-------------
			1) From Object DB2INST1.STORE_SALES

				Estimated number of rows: 	2.87997e+08

				Column Names:
				------------
				+Q1.$RID$+Q1.SS_EXT_LIST_PRICE+Q1.SS_ADDR_SK
				+Q1.SS_ITEM_SK+Q1.SS_CUSTOMER_SK


		Output Streams:
		--------------
			2) To Operator #3

				Estimated number of rows: 	1.43017e+07
				Actual number of rows: 		NA


	5) TBSCAN: (Table Scan)
		Cumulative Total Cost: 		11858.2
		Cumulative First Row Cost: 	7.05521
		Estimated Bufferpool Buffers: 	8308

		Arguments:
		---------
		JN INPUT: (Join input leg)
			INNER
		PREFETCH: (Type of Prefetch)
			DYNAMIC LIST        
		ROWLOCK : (Row Lock intent)
			SHARE (CS/RS)
		TABLOCK : (Table Lock intent)
			INTENT SHARE
		TBISOLVL: (Table access Isolation Level)
			CURSOR STABILITY

		Predicates:
		----------
		5) Sargable Predicate, 
			Comparison Operator: 		Less Than or Equal (<=)
			Subquery Input Required: 	No
			Filter Factor: 			0.0470066

			Predicate Text:
			--------------
			(Q2.SR_CUSTOMER_SK <= 93014)



		Input Streams:
		-------------
			3) From Object DB2INST1.STORE_RETURNS

				Estimated number of rows: 	2.87951e+07

				Column Names:
				------------
				+Q2.$RID$+Q2.SR_STORE_CREDIT+Q2.SR_ITEM_SK
				+Q2.SR_CUSTOMER_SK


		Output Streams:
		--------------
			4) To Operator #3

				Estimated number of rows: 	1.35356e+06
				Actual number of rows: 		NA


Objects Used in Access Plan:
---------------------------

	Schema:   DB2INST1
	Name:     STORE_RETURNS
	Type:     Column-organized Table
			Last statistics update: 	2021-05-20-10.06.09.850837
			Number of rows: 		28795080
			Number of buffer pool pages: 	37386
			Distinct row values: 		No
			Tablespace name: 		TS_LARGE
			Tablespace overhead: 		6.725000
			Tablespace transfer rate: 	0.320000
			Prefetch page count: 		32
			Container extent page count: 	32
			Table overflow record count: 	0
			Table Active Blocks: 		-1
			Average Row Compression Ratio: 	-1
			Percentage Rows Compressed: 	-1
			Average Compressed Row Size: 	-1

	Schema:   DB2INST1
	Name:     STORE_SALES
	Type:     Column-organized Table
			Last statistics update: 	2021-05-20-11.33.56.119461
			Number of rows: 		287997024
			Number of buffer pool pages: 	416411
			Distinct row values: 		No
			Tablespace name: 		TS_LARGE
			Tablespace overhead: 		6.725000
			Tablespace transfer rate: 	0.320000
			Prefetch page count: 		32
			Container extent page count: 	32
			Table overflow record count: 	0
			Table Active Blocks: 		-1
			Average Row Compression Ratio: 	-1
			Percentage Rows Compressed: 	-1
			Average Compressed Row Size: 	-1

Runtime statistics for objects Used in Access Plan:
-----------------------------------------------------

	Schema: DB2INST1
	Name: 	STORE_RETURNS
	Type: 	Table

			Member 0
			---------

				Metrics
				--------------------
				rows_reads:28795050
				object_col_l_reads:17115
				object_col_lbp_pages_found:17115
				object_col_gbp_indep_pages_found_in_lbp:17115
				object_col_caching_tier_gbp_indep_pages_found:17115

	Schema: DB2INST1
	Name: 	STORE_SALES
	Type: 	Table

			Member 0
			---------

				Metrics
				--------------------
				rows_reads:126211929
				object_col_l_reads:91123
				object_col_p_reads:160
				object_col_lbp_pages_found:90963
				object_col_gbp_indep_pages_found_in_lbp:90963
				object_col_caching_tier_gbp_indep_pages_found:90963

